<?xml version="1.0" encoding="UTF-8"?>
<!-- Generated by org.testng.reporters.JUnitReportReporter -->
<testsuite hostname="HPYogesh" failures="0" tests="3" name="TestLayer.SauceDemoTest" time="66.331" errors="0" timestamp="2025-04-08T19:22:10 IST" skipped="0">
  <testcase classname="TestLayer.SauceDemoTest" name="loginTest" time="24.386"/>
  <testcase classname="TestLayer.SauceDemoTest" name="loginTest" time="22.352"/>
  <testcase classname="TestLayer.SauceDemoTest" name="loginTest" time="19.593"/>
</testsuite> <!-- TestLayer.SauceDemoTest -->
