<?xml version="1.0" encoding="UTF-8"?>
<!-- Generated by org.testng.reporters.JUnitReportReporter -->
<testsuite hostname="HPYogesh" failures="0" tests="3" name="TestLayer.SauceDemoTest" time="81.623" errors="0" timestamp="2025-04-08T23:06:36 IST" skipped="0">
  <testcase classname="TestLayer.SauceDemoTest" name="loginTest" time="25.448"/>
  <testcase classname="TestLayer.SauceDemoTest" name="loginTest" time="42.541"/>
  <testcase classname="TestLayer.SauceDemoTest" name="loginTest" time="13.634"/>
</testsuite> <!-- TestLayer.SauceDemoTest -->
