<?xml version="1.0" encoding="UTF-8"?>
<!-- Generated by org.testng.reporters.JUnitReportReporter -->
<testsuite hostname="HPYogesh" failures="0" tests="3" name="TestLayer.SauceDemoTest" time="19.704" errors="0" timestamp="2025-04-08T18:09:24 IST" skipped="0">
  <testcase classname="TestLayer.SauceDemoTest" name="loginTest" time="3.909"/>
  <testcase classname="TestLayer.SauceDemoTest" name="loginTest" time="9.650"/>
  <testcase classname="TestLayer.SauceDemoTest" name="loginTest" time="6.145"/>
</testsuite> <!-- TestLayer.SauceDemoTest -->
