<?xml version="1.0" encoding="UTF-8"?>
<!-- Generated by org.testng.reporters.JUnitReportReporter -->
<testsuite hostname="HPYogesh" failures="0" tests="3" name="TestLayer.SauceDemoTest" time="34.929" errors="0" timestamp="2025-04-08T23:21:40 IST" skipped="0">
  <testcase classname="TestLayer.SauceDemoTest" name="loginTest" time="7.676"/>
  <testcase classname="TestLayer.SauceDemoTest" name="loginTest" time="11.387"/>
  <testcase classname="TestLayer.SauceDemoTest" name="loginTest" time="15.866"/>
</testsuite> <!-- TestLayer.SauceDemoTest -->
